#
# A fatal error has been detected by the Java Runtime Environment:
#
#  SIGSEGV (0xb) at pc=0x0000000000000000, pid=37558, tid=8963
#
# JRE version: OpenJDK Runtime Environment (17.0.1+12) (build 17.0.1+12-39)
# Java VM: OpenJDK 64-Bit Server VM (17.0.1+12-39, mixed mode, emulated-client, sharing, tiered, compressed oops, compressed class ptrs, g1 gc, bsd-amd64)
# Problematic frame:
# C  0x0000000000000000
#
# No core dump will be written. Core dumps have been disabled. To enable core dumping, try "ulimit -c unlimited" before starting Java again
#
# If you would like to submit a bug report, please visit:
#   https://bugreport.java.com/bugreport/crash.jsp
#

---------------  S U M M A R Y ------------

Command Line: -XX:TieredStopAtLevel=1 -Xverify:none -Dspring.output.ansi.enabled=always -javaagent:/Applications/IntelliJ IDEA.app/Contents/lib/idea_rt.jar=56185:/Applications/IntelliJ IDEA.app/Contents/bin -Dcom.sun.management.jmxremote -Dspring.jmx.enabled=true -Dspring.liveBeansView.mbeanDomain -Dspring.application.admin.enabled=true -agentpath:/private/var/folders/st/cx87237907qb5l34x1gqtgjc0000gn/T/libasyncProfiler.so=start,jfr,event=cpu,interval=1ms,event=alloc,file=/Users/zaxariaskatsarakis/Demo1Application_2022_06_24_103244.jfr -Dfile.encoding=UTF-8 com.example.demo.Demo1Application

Host: "MacBookAir10,1" x86_64 (EMULATED) 2400 MHz, 8 cores, 8G, Darwin 21.5.0, macOS 12.4 (21F79)
Time: Fri Jun 24 10:32:47 2022 EEST elapsed time: 2.386094 seconds (0d 0h 0m 2s)

---------------  T H R E A D  ---------------

Current thread (0x00007ff4a380a200):  JavaThread "main" [_thread_in_vm, id=8963, stack(0x0000000305486000,0x0000000305586000)]

Stack: [0x0000000305486000,0x0000000305586000],  sp=0x0000000305584728,  free space=1017k
Java frames: (J=compiled Java code, j=interpreted, Vv=VM code)
v  ~RuntimeStub::new_type_array Runtime1 stub
J 929 c1 java.util.Arrays.copyOf([BI)[B java.base@17.0.1 (19 bytes) @ 0x0000000114180071 [0x000000011417ff40+0x0000000000000131]
j  jdk.internal.loader.Resource.getBytes()[B+94 java.base@17.0.1
j  jdk.internal.loader.URLClassPath$JarLoader$2.getBytes()[B+1 java.base@17.0.1
J 1106 c1 jdk.internal.loader.BuiltinClassLoader.defineClass(Ljava/lang/String;Ljdk/internal/loader/Resource;)Ljava/lang/Class; java.base@17.0.1 (121 bytes) @ 0x00000001141e0074 [0x00000001141dfca0+0x00000000000003d4]
J 1087 c1 jdk.internal.loader.BuiltinClassLoader.findClassOnClassPathOrNull(Ljava/lang/String;)Ljava/lang/Class; java.base@17.0.1 (64 bytes) @ 0x00000001141d4a2c [0x00000001141d4780+0x00000000000002ac]
J 944 c1 jdk.internal.loader.BuiltinClassLoader.loadClassOrNull(Ljava/lang/String;Z)Ljava/lang/Class; java.base@17.0.1 (143 bytes) @ 0x0000000114184b54 [0x0000000114184700+0x0000000000000454]
J 1006 c1 jdk.internal.loader.ClassLoaders$AppClassLoader.loadClass(Ljava/lang/String;Z)Ljava/lang/Class; java.base@17.0.1 (40 bytes) @ 0x00000001141a79d4 [0x00000001141a7880+0x0000000000000154]
J 1002 c1 java.lang.ClassLoader.loadClass(Ljava/lang/String;)Ljava/lang/Class; java.base@17.0.1 (7 bytes) @ 0x00000001141a6484 [0x00000001141a6440+0x0000000000000044]
v  ~StubRoutines::call_stub
j  org.springframework.boot.SpringApplication.configureEnvironment(Lorg/springframework/core/env/ConfigurableEnvironment;[Ljava/lang/String;)V+8
j  org.springframework.boot.SpringApplication.prepareEnvironment(Lorg/springframework/boot/SpringApplicationRunListeners;Lorg/springframework/boot/DefaultBootstrapContext;Lorg/springframework/boot/ApplicationArguments;)Lorg/springframework/core/env/ConfigurableEnvironment;+15
j  org.springframework.boot.SpringApplication.run([Ljava/lang/String;)Lorg/springframework/context/ConfigurableApplicationContext;+52
j  org.springframework.boot.SpringApplication.run([Ljava/lang/Class;[Ljava/lang/String;)Lorg/springframework/context/ConfigurableApplicationContext;+9
j  org.springframework.boot.SpringApplication.run(Ljava/lang/Class;[Ljava/lang/String;)Lorg/springframework/context/ConfigurableApplicationContext;+9
j  com.example.demo.Demo1Application.main([Ljava/lang/String;)V+3
v  ~StubRoutines::call_stub

siginfo: si_signo: 11 (SIGSEGV), si_code: 1 (SEGV_MAPERR), si_addr: 0x0000000000000000

Register to memory mapping:

RAX=0x000000010ac42ac8: _ZN15JfrEventSetting19_jvm_event_settingsE+0 in /Users/zaxariaskatsarakis/Library/Java/JavaVirtualMachines/openjdk-17.0.1/Contents/Home/lib/server/libjvm.dylib at 0x0000000109fa7000
RBX=0x000000010ac00a60: _ZN23CompressedKlassPointers13_narrow_klassE+0 in /Users/zaxariaskatsarakis/Library/Java/JavaVirtualMachines/openjdk-17.0.1/Contents/Home/lib/server/libjvm.dylib at 0x0000000109fa7000
RCX=0x00007ff4a380a200 is a thread
RDX=0x0 is NULL
RSP=0x0000000305584728 is pointing into the stack for thread: 0x00007ff4a380a200
RBP=0x000000010a7a62fc: _ZN12MemAllocator10Allocation17notify_allocationEv+0x17c in /Users/zaxariaskatsarakis/Library/Java/JavaVirtualMachines/openjdk-17.0.1/Contents/Home/lib/server/libjvm.dylib at 0x0000000109fa7000
RSI=0x0000000000001c10 is an unknown value
RDI=0x000000010ac31b70: _ZL21_last_allocated_bytes+0 in /Users/zaxariaskatsarakis/Library/Java/JavaVirtualMachines/openjdk-17.0.1/Contents/Home/lib/server/libjvm.dylib at 0x0000000109fa7000
R8 =0x0 is NULL
R9 =0x00007ff4a380a200 is a thread
R10=0x000000010ac63c50: _ZN19TemplateInterpreter20_invoke_return_entryE+0 in /Users/zaxariaskatsarakis/Library/Java/JavaVirtualMachines/openjdk-17.0.1/Contents/Home/lib/server/libjvm.dylib at 0x0000000109fa7000
R11=0x000000011417ff40 is at entry_point+0 in (nmethod*)0x000000011417fd90
R12=0x0 is NULL
R13=0x0000000305584d10 is pointing into the stack for thread: 0x00007ff4a380a200
R14=0x0000000305584760 is pointing into the stack for thread: 0x00007ff4a380a200
R15=0x00007ff4a380a200 is a thread


Registers:
RAX=0x000000010ac42ac8, RBX=0x000000010ac00a60, RCX=0x00007ff4a380a200, RDX=0x0000000000000000
RSP=0x0000000305584728, RBP=0x000000010a7a62fc, RSI=0x0000000000001c10, RDI=0x000000010ac31b70
R8 =0x0000000000000000, R9 =0x00007ff4a380a200, R10=0x000000010ac63c50, R11=0x000000011417ff40
R12=0x0000000000000000, R13=0x0000000305584d10, R14=0x0000000305584760, R15=0x00007ff4a380a200
RIP=0x0000000000000000, EFLAGS=0x0000000000000202, ERR=0x0000000000000004
  TRAPNO=0x000000000000000e

Top of Stack: (sp=0x0000000305584728)
0x0000000305584728:   00000003055847b8 0000000000000000
0x0000000305584738:   0000000305584d10 00007ff4a380a200
0x0000000305584748:   00007ff4a380a200 00000003055847a0
0x0000000305584758:   000000010a7a67bf 00000003055847b8
0x0000000305584768:   00007ff4a380a200 0000000305584790
0x0000000305584778:   000000010a0f0000 00000000000027e2
0x0000000305584788:   0000000000000000 0000000786bec0f0
0x0000000305584798:   0000000000001c00 00000003055847e0
0x00000003055847a8:   000000010a2b03b6 00000003055847e0
0x00000003055847b8:   000000010abec2c0 00007ff4a380a200
0x00000003055847c8:   0000000800006328 0000000000000382
0x00000003055847d8:   00007f0100001c00 0000000305584800
0x00000003055847e8:   000000010a201002 0000000000001c00
0x00000003055847f8:   0000000305584dc8 0000000305584c80
0x0000000305584808:   0000000113fcf263 00000003055848e7
0x0000000305584818:   0000000000000000 000000000000007a
0x0000000305584828:   0000000000000000 0101010101010101
0x0000000305584838:   0000000000000000 0000000100000001
0x0000000305584848:   0000000100000001 0000000500000005
0x0000000305584858:   0000000000000000 00000000ffffffff
0x0000000305584868:   4fffffff4fffffff 4000000040000000
0x0000000305584878:   0fffffff0fffffff 00ffffff00ffffff
0x0000000305584888:   4700000047000000 fffffffffffffffc
0x0000000305584898:   00007ff4a380a200 00000003055848f0
0x00000003055848a8:   0000000114026eea 0000000787c48c28
0x00000003055848b8:   0000000786be9aa8 0000000000000000
0x00000003055848c8:   0000000000000000 00006000032a8040
0x00000003055848d8:   00007ff4a380a4a8 0000000000000000
0x00000003055848e8:   00006000026a58f0 00007ff4a3a0187c
0x00000003055848f8:   00007ff4a3a01ac8 0000003f00000006
0x0000000305584908:   00007ff8218b6eb0 00007ff8218b6e70
0x0000000305584918:   00007ff4a3a01890 00007ff4a3a01b18 

Instructions: (pc=0x0000000000000000)
0xffffffffffffff00:   


Stack slot to memory mapping:
stack at sp + 0 slots: 0x00000003055847b8 is pointing into the stack for thread: 0x00007ff4a380a200
stack at sp + 1 slots: 0x0 is NULL
stack at sp + 2 slots: 0x0000000305584d10 is pointing into the stack for thread: 0x00007ff4a380a200
stack at sp + 3 slots: 0x00007ff4a380a200 is a thread
stack at sp + 4 slots: 0x00007ff4a380a200 is a thread
stack at sp + 5 slots: 0x00000003055847a0 is pointing into the stack for thread: 0x00007ff4a380a200
stack at sp + 6 slots: 0x000000010a7a67bf: _ZNK12MemAllocator8allocateEv+0xef in /Users/zaxariaskatsarakis/Library/Java/JavaVirtualMachines/openjdk-17.0.1/Contents/Home/lib/server/libjvm.dylib at 0x0000000109fa7000
stack at sp + 7 slots: 0x00000003055847b8 is pointing into the stack for thread: 0x00007ff4a380a200


---------------  P R O C E S S  ---------------

Threads class SMR info:
_java_thread_list=0x00006000007e2dc0, length=14, elements={
0x00007ff4a380a200, 0x00007ff4a209ea00, 0x00007ff4a20a1200, 0x00007ff482008200,
0x00007ff48200aa00, 0x00007ff48200b000, 0x00007ff48200b600, 0x00007ff482013c00,
0x00007ff48201c200, 0x00007ff4a20a3e00, 0x00007ff483008200, 0x00007ff4a3851e00,
0x00007ff4a200f000, 0x00007ff4a20a4400
}

Java Threads: ( => current thread )
=>0x00007ff4a380a200 JavaThread "main" [_thread_in_vm, id=8963, stack(0x0000000305486000,0x0000000305586000)]
  0x00007ff4a209ea00 JavaThread "Reference Handler" daemon [_thread_blocked, id=22087, stack(0x0000000305b9b000,0x0000000305c9b000)]
  0x00007ff4a20a1200 JavaThread "Finalizer" daemon [_thread_blocked, id=42499, stack(0x0000000305c9e000,0x0000000305d9e000)]
  0x00007ff482008200 JavaThread "Signal Dispatcher" daemon [_thread_blocked, id=24835, stack(0x0000000305eaf000,0x0000000305faf000)]
  0x00007ff48200aa00 JavaThread "Service Thread" daemon [_thread_blocked, id=40195, stack(0x0000000305fb2000,0x00000003060b2000)]
  0x00007ff48200b000 JavaThread "Monitor Deflation Thread" daemon [_thread_blocked, id=39939, stack(0x00000003060b5000,0x00000003061b5000)]
  0x00007ff48200b600 JavaThread "C1 CompilerThread0" daemon [_thread_blocked, id=25347, stack(0x00000003061b8000,0x00000003062b8000)]
  0x00007ff482013c00 JavaThread "Sweeper thread" daemon [_thread_blocked, id=39171, stack(0x00000003062bb000,0x00000003063bb000)]
  0x00007ff48201c200 JavaThread "Common-Cleaner" daemon [_thread_blocked, id=38439, stack(0x00000003063be000,0x00000003064be000)]
  0x00007ff4a20a3e00 JavaThread "Monitor Ctrl-Break" daemon [_thread_in_native, id=26207, stack(0x00000003064c1000,0x00000003065c1000)]
  0x00007ff483008200 JavaThread "Attach Listener" daemon [_thread_blocked, id=26883, stack(0x00000003065c4000,0x00000003066c4000)]
  0x00007ff4a3851e00 JavaThread "Async-profiler Timer" daemon [_thread_in_native, id=27711, stack(0x00000003066c7000,0x0000000306747000)]
  0x00007ff4a200f000 JavaThread "Notification Thread" daemon [_thread_blocked, id=28695, stack(0x00000003067cd000,0x00000003068cd000)]
  0x00007ff4a20a4400 JavaThread "RMI TCP Accept-0" daemon [_thread_in_native, id=29279, stack(0x00000003068d0000,0x00000003069d0000)]

Other Threads:
  0x00007ff4a300ce90 VMThread "VM Thread" [stack: 0x0000000305a98000,0x0000000305b98000] [id=43267]
  0x00007ff4a31395e0 WatcherThread [stack: 0x00000003069d3000,0x0000000306ad3000] [id=30119]
  0x00007ff4a3006980 GCTaskThread "GC Thread#0" [stack: 0x0000000305589000,0x0000000305689000] [id=18947]
  0x00007ff4a3007020 ConcurrentGCThread "G1 Main Marker" [stack: 0x000000030568c000,0x000000030578c000] [id=14083]
  0x00007ff4a30078a0 ConcurrentGCThread "G1 Conc#0" [stack: 0x000000030578f000,0x000000030588f000] [id=15107]
  0x00007ff4a300a100 ConcurrentGCThread "G1 Refine#0" [stack: 0x0000000305892000,0x0000000305992000] [id=15619]
  0x00007ff4a3105b60 ConcurrentGCThread "G1 Service" [stack: 0x0000000305995000,0x0000000305a95000] [id=16131]

Threads with active compile tasks:

VM state: not at safepoint (normal execution)

VM Mutex/Monitor currently owned by a thread: None

Heap address: 0x0000000780000000, size: 2048 MB, Compressed Oops mode: Zero based, Oop shift amount: 3

CDS archive(s) mapped at: [0x0000000800000000-0x0000000800bd4000-0x0000000800bd4000), size 12402688, SharedBaseAddress: 0x0000000800000000, ArchiveRelocationMode: 0.
Compressed class space mapped at: 0x0000000800c00000-0x0000000840c00000, reserved size: 1073741824
Narrow klass base: 0x0000000800000000, Narrow klass shift: 0, Narrow klass range: 0x100000000

GC Precious Log:
 CPUs: 8 total, 8 available
 Memory: 8192M
 Large Page Support: Disabled
 NUMA Support: Disabled
 Compressed Oops: Enabled (Zero based)
 Heap Region Size: 1M
 Heap Min Capacity: 8M
 Heap Initial Capacity: 128M
 Heap Max Capacity: 2G
 Pre-touch: Disabled
 Parallel Workers: 8
 Concurrent Workers: 2
 Concurrent Refinement Workers: 8
 Periodic GC: Disabled

Heap:
 garbage-first heap   total 133120K, used 21460K [0x0000000780000000, 0x0000000800000000)
  region size 1024K, 21 young (21504K), 0 survivors (0K)
 Metaspace       used 6903K, committed 7040K, reserved 1056768K
  class space    used 843K, committed 896K, reserved 1048576K

Heap Regions: E=young(eden), S=young(survivor), O=old, HS=humongous(starts), HC=humongous(continues), CS=collection set, F=free, OA=open archive, CA=closed archive, TAMS=top-at-mark-start (previous, next)
|   0|0x0000000780000000, 0x0000000780100000, 0x0000000780100000|100%|HS|  |TAMS 0x0000000780000000, 0x0000000780000000| Complete 
|   1|0x0000000780100000, 0x0000000780100000, 0x0000000780200000|  0%| F|  |TAMS 0x0000000780100000, 0x0000000780100000| Untracked 
|   2|0x0000000780200000, 0x0000000780200000, 0x0000000780300000|  0%| F|  |TAMS 0x0000000780200000, 0x0000000780200000| Untracked 
|   3|0x0000000780300000, 0x0000000780300000, 0x0000000780400000|  0%| F|  |TAMS 0x0000000780300000, 0x0000000780300000| Untracked 
|   4|0x0000000780400000, 0x0000000780400000, 0x0000000780500000|  0%| F|  |TAMS 0x0000000780400000, 0x0000000780400000| Untracked 
|   5|0x0000000780500000, 0x0000000780500000, 0x0000000780600000|  0%| F|  |TAMS 0x0000000780500000, 0x0000000780500000| Untracked 
|   6|0x0000000780600000, 0x0000000780600000, 0x0000000780700000|  0%| F|  |TAMS 0x0000000780600000, 0x0000000780600000| Untracked 
|   7|0x0000000780700000, 0x0000000780700000, 0x0000000780800000|  0%| F|  |TAMS 0x0000000780700000, 0x0000000780700000| Untracked 
|   8|0x0000000780800000, 0x0000000780800000, 0x0000000780900000|  0%| F|  |TAMS 0x0000000780800000, 0x0000000780800000| Untracked 
|   9|0x0000000780900000, 0x0000000780900000, 0x0000000780a00000|  0%| F|  |TAMS 0x0000000780900000, 0x0000000780900000| Untracked 
|  10|0x0000000780a00000, 0x0000000780a00000, 0x0000000780b00000|  0%| F|  |TAMS 0x0000000780a00000, 0x0000000780a00000| Untracked 
|  11|0x0000000780b00000, 0x0000000780b00000, 0x0000000780c00000|  0%| F|  |TAMS 0x0000000780b00000, 0x0000000780b00000| Untracked 
|  12|0x0000000780c00000, 0x0000000780c00000, 0x0000000780d00000|  0%| F|  |TAMS 0x0000000780c00000, 0x0000000780c00000| Untracked 
|  13|0x0000000780d00000, 0x0000000780d00000, 0x0000000780e00000|  0%| F|  |TAMS 0x0000000780d00000, 0x0000000780d00000| Untracked 
|  14|0x0000000780e00000, 0x0000000780e00000, 0x0000000780f00000|  0%| F|  |TAMS 0x0000000780e00000, 0x0000000780e00000| Untracked 
|  15|0x0000000780f00000, 0x0000000780f00000, 0x0000000781000000|  0%| F|  |TAMS 0x0000000780f00000, 0x0000000780f00000| Untracked 
|  16|0x0000000781000000, 0x0000000781000000, 0x0000000781100000|  0%| F|  |TAMS 0x0000000781000000, 0x0000000781000000| Untracked 
|  17|0x0000000781100000, 0x0000000781100000, 0x0000000781200000|  0%| F|  |TAMS 0x0000000781100000, 0x0000000781100000| Untracked 
|  18|0x0000000781200000, 0x0000000781200000, 0x0000000781300000|  0%| F|  |TAMS 0x0000000781200000, 0x0000000781200000| Untracked 
|  19|0x0000000781300000, 0x0000000781300000, 0x0000000781400000|  0%| F|  |TAMS 0x0000000781300000, 0x0000000781300000| Untracked 
|  20|0x0000000781400000, 0x0000000781400000, 0x0000000781500000|  0%| F|  |TAMS 0x0000000781400000, 0x0000000781400000| Untracked 
|  21|0x0000000781500000, 0x0000000781500000, 0x0000000781600000|  0%| F|  |TAMS 0x0000000781500000, 0x0000000781500000| Untracked 
|  22|0x0000000781600000, 0x0000000781600000, 0x0000000781700000|  0%| F|  |TAMS 0x0000000781600000, 0x0000000781600000| Untracked 
|  23|0x0000000781700000, 0x0000000781700000, 0x0000000781800000|  0%| F|  |TAMS 0x0000000781700000, 0x0000000781700000| Untracked 
|  24|0x0000000781800000, 0x0000000781800000, 0x0000000781900000|  0%| F|  |TAMS 0x0000000781800000, 0x0000000781800000| Untracked 
|  25|0x0000000781900000, 0x0000000781900000, 0x0000000781a00000|  0%| F|  |TAMS 0x0000000781900000, 0x0000000781900000| Untracked 
|  26|0x0000000781a00000, 0x0000000781a00000, 0x0000000781b00000|  0%| F|  |TAMS 0x0000000781a00000, 0x0000000781a00000| Untracked 
|  27|0x0000000781b00000, 0x0000000781b00000, 0x0000000781c00000|  0%| F|  |TAMS 0x0000000781b00000, 0x0000000781b00000| Untracked 
|  28|0x0000000781c00000, 0x0000000781c00000, 0x0000000781d00000|  0%| F|  |TAMS 0x0000000781c00000, 0x0000000781c00000| Untracked 
|  29|0x0000000781d00000, 0x0000000781d00000, 0x0000000781e00000|  0%| F|  |TAMS 0x0000000781d00000, 0x0000000781d00000| Untracked 
|  30|0x0000000781e00000, 0x0000000781e00000, 0x0000000781f00000|  0%| F|  |TAMS 0x0000000781e00000, 0x0000000781e00000| Untracked 
|  31|0x0000000781f00000, 0x0000000781f00000, 0x0000000782000000|  0%| F|  |TAMS 0x0000000781f00000, 0x0000000781f00000| Untracked 
|  32|0x0000000782000000, 0x0000000782000000, 0x0000000782100000|  0%| F|  |TAMS 0x0000000782000000, 0x0000000782000000| Untracked 
|  33|0x0000000782100000, 0x0000000782100000, 0x0000000782200000|  0%| F|  |TAMS 0x0000000782100000, 0x0000000782100000| Untracked 
|  34|0x0000000782200000, 0x0000000782200000, 0x0000000782300000|  0%| F|  |TAMS 0x0000000782200000, 0x0000000782200000| Untracked 
|  35|0x0000000782300000, 0x0000000782300000, 0x0000000782400000|  0%| F|  |TAMS 0x0000000782300000, 0x0000000782300000| Untracked 
|  36|0x0000000782400000, 0x0000000782400000, 0x0000000782500000|  0%| F|  |TAMS 0x0000000782400000, 0x0000000782400000| Untracked 
|  37|0x0000000782500000, 0x0000000782500000, 0x0000000782600000|  0%| F|  |TAMS 0x0000000782500000, 0x0000000782500000| Untracked 
|  38|0x0000000782600000, 0x0000000782600000, 0x0000000782700000|  0%| F|  |TAMS 0x0000000782600000, 0x0000000782600000| Untracked 
|  39|0x0000000782700000, 0x0000000782700000, 0x0000000782800000|  0%| F|  |TAMS 0x0000000782700000, 0x0000000782700000| Untracked 
|  40|0x0000000782800000, 0x0000000782800000, 0x0000000782900000|  0%| F|  |TAMS 0x0000000782800000, 0x0000000782800000| Untracked 
|  41|0x0000000782900000, 0x0000000782900000, 0x0000000782a00000|  0%| F|  |TAMS 0x0000000782900000, 0x0000000782900000| Untracked 
|  42|0x0000000782a00000, 0x0000000782a00000, 0x0000000782b00000|  0%| F|  |TAMS 0x0000000782a00000, 0x0000000782a00000| Untracked 
|  43|0x0000000782b00000, 0x0000000782b00000, 0x0000000782c00000|  0%| F|  |TAMS 0x0000000782b00000, 0x0000000782b00000| Untracked 
|  44|0x0000000782c00000, 0x0000000782c00000, 0x0000000782d00000|  0%| F|  |TAMS 0x0000000782c00000, 0x0000000782c00000| Untracked 
|  45|0x0000000782d00000, 0x0000000782d00000, 0x0000000782e00000|  0%| F|  |TAMS 0x0000000782d00000, 0x0000000782d00000| Untracked 
|  46|0x0000000782e00000, 0x0000000782e00000, 0x0000000782f00000|  0%| F|  |TAMS 0x0000000782e00000, 0x0000000782e00000| Untracked 
|  47|0x0000000782f00000, 0x0000000782f00000, 0x0000000783000000|  0%| F|  |TAMS 0x0000000782f00000, 0x0000000782f00000| Untracked 
|  48|0x0000000783000000, 0x0000000783000000, 0x0000000783100000|  0%| F|  |TAMS 0x0000000783000000, 0x0000000783000000| Untracked 
|  49|0x0000000783100000, 0x0000000783100000, 0x0000000783200000|  0%| F|  |TAMS 0x0000000783100000, 0x0000000783100000| Untracked 
|  50|0x0000000783200000, 0x0000000783200000, 0x0000000783300000|  0%| F|  |TAMS 0x0000000783200000, 0x0000000783200000| Untracked 
|  51|0x0000000783300000, 0x0000000783300000, 0x0000000783400000|  0%| F|  |TAMS 0x0000000783300000, 0x0000000783300000| Untracked 
|  52|0x0000000783400000, 0x0000000783400000, 0x0000000783500000|  0%| F|  |TAMS 0x0000000783400000, 0x0000000783400000| Untracked 
|  53|0x0000000783500000, 0x0000000783500000, 0x0000000783600000|  0%| F|  |TAMS 0x0000000783500000, 0x0000000783500000| Untracked 
|  54|0x0000000783600000, 0x0000000783600000, 0x0000000783700000|  0%| F|  |TAMS 0x0000000783600000, 0x0000000783600000| Untracked 
|  55|0x0000000783700000, 0x0000000783700000, 0x0000000783800000|  0%| F|  |TAMS 0x0000000783700000, 0x0000000783700000| Untracked 
|  56|0x0000000783800000, 0x0000000783800000, 0x0000000783900000|  0%| F|  |TAMS 0x0000000783800000, 0x0000000783800000| Untracked 
|  57|0x0000000783900000, 0x0000000783900000, 0x0000000783a00000|  0%| F|  |TAMS 0x0000000783900000, 0x0000000783900000| Untracked 
|  58|0x0000000783a00000, 0x0000000783a00000, 0x0000000783b00000|  0%| F|  |TAMS 0x0000000783a00000, 0x0000000783a00000| Untracked 
|  59|0x0000000783b00000, 0x0000000783b00000, 0x0000000783c00000|  0%| F|  |TAMS 0x0000000783b00000, 0x0000000783b00000| Untracked 
|  60|0x0000000783c00000, 0x0000000783c00000, 0x0000000783d00000|  0%| F|  |TAMS 0x0000000783c00000, 0x0000000783c00000| Untracked 
|  61|0x0000000783d00000, 0x0000000783d00000, 0x0000000783e00000|  0%| F|  |TAMS 0x0000000783d00000, 0x0000000783d00000| Untracked 
|  62|0x0000000783e00000, 0x0000000783e00000, 0x0000000783f00000|  0%| F|  |TAMS 0x0000000783e00000, 0x0000000783e00000| Untracked 
|  63|0x0000000783f00000, 0x0000000783f00000, 0x0000000784000000|  0%| F|  |TAMS 0x0000000783f00000, 0x0000000783f00000| Untracked 
|  64|0x0000000784000000, 0x0000000784000000, 0x0000000784100000|  0%| F|  |TAMS 0x0000000784000000, 0x0000000784000000| Untracked 
|  65|0x0000000784100000, 0x0000000784100000, 0x0000000784200000|  0%| F|  |TAMS 0x0000000784100000, 0x0000000784100000| Untracked 
|  66|0x0000000784200000, 0x0000000784200000, 0x0000000784300000|  0%| F|  |TAMS 0x0000000784200000, 0x0000000784200000| Untracked 
|  67|0x0000000784300000, 0x0000000784300000, 0x0000000784400000|  0%| F|  |TAMS 0x0000000784300000, 0x0000000784300000| Untracked 
|  68|0x0000000784400000, 0x0000000784400000, 0x0000000784500000|  0%| F|  |TAMS 0x0000000784400000, 0x0000000784400000| Untracked 
|  69|0x0000000784500000, 0x0000000784500000, 0x0000000784600000|  0%| F|  |TAMS 0x0000000784500000, 0x0000000784500000| Untracked 
|  70|0x0000000784600000, 0x0000000784600000, 0x0000000784700000|  0%| F|  |TAMS 0x0000000784600000, 0x0000000784600000| Untracked 
|  71|0x0000000784700000, 0x0000000784700000, 0x0000000784800000|  0%| F|  |TAMS 0x0000000784700000, 0x0000000784700000| Untracked 
|  72|0x0000000784800000, 0x0000000784800000, 0x0000000784900000|  0%| F|  |TAMS 0x0000000784800000, 0x0000000784800000| Untracked 
|  73|0x0000000784900000, 0x0000000784900000, 0x0000000784a00000|  0%| F|  |TAMS 0x0000000784900000, 0x0000000784900000| Untracked 
|  74|0x0000000784a00000, 0x0000000784a00000, 0x0000000784b00000|  0%| F|  |TAMS 0x0000000784a00000, 0x0000000784a00000| Untracked 
|  75|0x0000000784b00000, 0x0000000784b00000, 0x0000000784c00000|  0%| F|  |TAMS 0x0000000784b00000, 0x0000000784b00000| Untracked 
|  76|0x0000000784c00000, 0x0000000784c00000, 0x0000000784d00000|  0%| F|  |TAMS 0x0000000784c00000, 0x0000000784c00000| Untracked 
|  77|0x0000000784d00000, 0x0000000784d00000, 0x0000000784e00000|  0%| F|  |TAMS 0x0000000784d00000, 0x0000000784d00000| Untracked 
|  78|0x0000000784e00000, 0x0000000784e00000, 0x0000000784f00000|  0%| F|  |TAMS 0x0000000784e00000, 0x0000000784e00000| Untracked 
|  79|0x0000000784f00000, 0x0000000784f00000, 0x0000000785000000|  0%| F|  |TAMS 0x0000000784f00000, 0x0000000784f00000| Untracked 
|  80|0x0000000785000000, 0x0000000785000000, 0x0000000785100000|  0%| F|  |TAMS 0x0000000785000000, 0x0000000785000000| Untracked 
|  81|0x0000000785100000, 0x0000000785100000, 0x0000000785200000|  0%| F|  |TAMS 0x0000000785100000, 0x0000000785100000| Untracked 
|  82|0x0000000785200000, 0x0000000785200000, 0x0000000785300000|  0%| F|  |TAMS 0x0000000785200000, 0x0000000785200000| Untracked 
|  83|0x0000000785300000, 0x0000000785300000, 0x0000000785400000|  0%| F|  |TAMS 0x0000000785300000, 0x0000000785300000| Untracked 
|  84|0x0000000785400000, 0x0000000785400000, 0x0000000785500000|  0%| F|  |TAMS 0x0000000785400000, 0x0000000785400000| Untracked 
|  85|0x0000000785500000, 0x0000000785500000, 0x0000000785600000|  0%| F|  |TAMS 0x0000000785500000, 0x0000000785500000| Untracked 
|  86|0x0000000785600000, 0x0000000785600000, 0x0000000785700000|  0%| F|  |TAMS 0x0000000785600000, 0x0000000785600000| Untracked 
|  87|0x0000000785700000, 0x0000000785700000, 0x0000000785800000|  0%| F|  |TAMS 0x0000000785700000, 0x0000000785700000| Untracked 
|  88|0x0000000785800000, 0x0000000785800000, 0x0000000785900000|  0%| F|  |TAMS 0x0000000785800000, 0x0000000785800000| Untracked 
|  89|0x0000000785900000, 0x0000000785900000, 0x0000000785a00000|  0%| F|  |TAMS 0x0000000785900000, 0x0000000785900000| Untracked 
|  90|0x0000000785a00000, 0x0000000785a00000, 0x0000000785b00000|  0%| F|  |TAMS 0x0000000785a00000, 0x0000000785a00000| Untracked 
|  91|0x0000000785b00000, 0x0000000785b00000, 0x0000000785c00000|  0%| F|  |TAMS 0x0000000785b00000, 0x0000000785b00000| Untracked 
|  92|0x0000000785c00000, 0x0000000785c00000, 0x0000000785d00000|  0%| F|  |TAMS 0x0000000785c00000, 0x0000000785c00000| Untracked 
|  93|0x0000000785d00000, 0x0000000785d00000, 0x0000000785e00000|  0%| F|  |TAMS 0x0000000785d00000, 0x0000000785d00000| Untracked 
|  94|0x0000000785e00000, 0x0000000785e00000, 0x0000000785f00000|  0%| F|  |TAMS 0x0000000785e00000, 0x0000000785e00000| Untracked 
|  95|0x0000000785f00000, 0x0000000785f00000, 0x0000000786000000|  0%| F|  |TAMS 0x0000000785f00000, 0x0000000785f00000| Untracked 
|  96|0x0000000786000000, 0x0000000786000000, 0x0000000786100000|  0%| F|  |TAMS 0x0000000786000000, 0x0000000786000000| Untracked 
|  97|0x0000000786100000, 0x0000000786100000, 0x0000000786200000|  0%| F|  |TAMS 0x0000000786100000, 0x0000000786100000| Untracked 
|  98|0x0000000786200000, 0x0000000786200000, 0x0000000786300000|  0%| F|  |TAMS 0x0000000786200000, 0x0000000786200000| Untracked 
|  99|0x0000000786300000, 0x0000000786300000, 0x0000000786400000|  0%| F|  |TAMS 0x0000000786300000, 0x0000000786300000| Untracked 
| 100|0x0000000786400000, 0x0000000786400000, 0x0000000786500000|  0%| F|  |TAMS 0x0000000786400000, 0x0000000786400000| Untracked 
| 101|0x0000000786500000, 0x0000000786500000, 0x0000000786600000|  0%| F|  |TAMS 0x0000000786500000, 0x0000000786500000| Untracked 
| 102|0x0000000786600000, 0x0000000786600000, 0x0000000786700000|  0%| F|  |TAMS 0x0000000786600000, 0x0000000786600000| Untracked 
| 103|0x0000000786700000, 0x0000000786700000, 0x0000000786800000|  0%| F|  |TAMS 0x0000000786700000, 0x0000000786700000| Untracked 
| 104|0x0000000786800000, 0x0000000786800000, 0x0000000786900000|  0%| F|  |TAMS 0x0000000786800000, 0x0000000786800000| Untracked 
| 105|0x0000000786900000, 0x0000000786900000, 0x0000000786a00000|  0%| F|  |TAMS 0x0000000786900000, 0x0000000786900000| Untracked 
| 106|0x0000000786a00000, 0x0000000786a00000, 0x0000000786b00000|  0%| F|  |TAMS 0x0000000786a00000, 0x0000000786a00000| Untracked 
| 107|0x0000000786b00000, 0x0000000786c00000, 0x0000000786c00000|100%| E|  |TAMS 0x0000000786b00000, 0x0000000786b00000| Complete 
| 108|0x0000000786c00000, 0x0000000786d00000, 0x0000000786d00000|100%| E|CS|TAMS 0x0000000786c00000, 0x0000000786c00000| Complete 
| 109|0x0000000786d00000, 0x0000000786e00000, 0x0000000786e00000|100%| E|CS|TAMS 0x0000000786d00000, 0x0000000786d00000| Complete 
| 110|0x0000000786e00000, 0x0000000786f00000, 0x0000000786f00000|100%| E|CS|TAMS 0x0000000786e00000, 0x0000000786e00000| Complete 
| 111|0x0000000786f00000, 0x0000000787000000, 0x0000000787000000|100%| E|CS|TAMS 0x0000000786f00000, 0x0000000786f00000| Complete 
| 112|0x0000000787000000, 0x0000000787100000, 0x0000000787100000|100%| E|CS|TAMS 0x0000000787000000, 0x0000000787000000| Complete 
| 113|0x0000000787100000, 0x0000000787200000, 0x0000000787200000|100%| E|CS|TAMS 0x0000000787100000, 0x0000000787100000| Complete 
| 114|0x0000000787200000, 0x0000000787300000, 0x0000000787300000|100%| E|CS|TAMS 0x0000000787200000, 0x0000000787200000| Complete 
| 115|0x0000000787300000, 0x0000000787400000, 0x0000000787400000|100%| E|CS|TAMS 0x0000000787300000, 0x0000000787300000| Complete 
| 116|0x0000000787400000, 0x0000000787500000, 0x0000000787500000|100%| E|CS|TAMS 0x0000000787400000, 0x0000000787400000| Complete 
| 117|0x0000000787500000, 0x0000000787600000, 0x0000000787600000|100%| E|CS|TAMS 0x0000000787500000, 0x0000000787500000| Complete 
| 118|0x0000000787600000, 0x0000000787700000, 0x0000000787700000|100%| E|CS|TAMS 0x0000000787600000, 0x0000000787600000| Complete 
| 119|0x0000000787700000, 0x0000000787800000, 0x0000000787800000|100%| E|CS|TAMS 0x0000000787700000, 0x0000000787700000| Complete 
| 120|0x0000000787800000, 0x0000000787900000, 0x0000000787900000|100%| E|CS|TAMS 0x0000000787800000, 0x0000000787800000| Complete 
| 121|0x0000000787900000, 0x0000000787a00000, 0x0000000787a00000|100%| E|CS|TAMS 0x0000000787900000, 0x0000000787900000| Complete 
| 122|0x0000000787a00000, 0x0000000787b00000, 0x0000000787b00000|100%| E|CS|TAMS 0x0000000787a00000, 0x0000000787a00000| Complete 
| 123|0x0000000787b00000, 0x0000000787c00000, 0x0000000787c00000|100%| E|CS|TAMS 0x0000000787b00000, 0x0000000787b00000| Complete 
| 124|0x0000000787c00000, 0x0000000787d00000, 0x0000000787d00000|100%| E|CS|TAMS 0x0000000787c00000, 0x0000000787c00000| Complete 
| 125|0x0000000787d00000, 0x0000000787e00000, 0x0000000787e00000|100%| E|  |TAMS 0x0000000787d00000, 0x0000000787d00000| Complete 
| 126|0x0000000787e00000, 0x0000000787f00000, 0x0000000787f00000|100%| E|CS|TAMS 0x0000000787e00000, 0x0000000787e00000| Complete 
| 127|0x0000000787f00000, 0x0000000788000000, 0x0000000788000000|100%| E|CS|TAMS 0x0000000787f00000, 0x0000000787f00000| Complete 
|2046|0x00000007ffe00000, 0x00000007ffe76000, 0x00000007fff00000| 46%|OA|  |TAMS 0x00000007ffe00000, 0x00000007ffe00000| Untracked 
|2047|0x00000007fff00000, 0x00000007fff7f000, 0x0000000800000000| 49%|CA|  |TAMS 0x00000007fff00000, 0x00000007fff00000| Untracked 

Card table byte_map: [0x00000001172df000,0x00000001176df000] _byte_map_base: 0x00000001136df000

Marking Bits (Prev, Next): (CMBitMap*) 0x00007ff4a2027210, (CMBitMap*) 0x00007ff4a2027250
 Prev Bits: [0x0000000117adf000, 0x0000000119adf000)
 Next Bits: [0x0000000119adf000, 0x000000011badf000)

Polling page: 0x00000001008ef000

Metaspace:

Usage:
  Non-class:      5.92 MB used.
      Class:    843.21 KB used.
       Both:      6.74 MB used.

Virtual space:
  Non-class space:        8.00 MB reserved,       6.00 MB ( 75%) committed,  1 nodes.
      Class space:        1.00 GB reserved,     896.00 KB ( <1%) committed,  1 nodes.
             Both:        1.01 GB reserved,       6.88 MB ( <1%) committed. 

Chunk freelists:
   Non-Class:  1.38 MB
       Class:  3.02 MB
        Both:  4.39 MB

MaxMetaspaceSize: unlimited
CompressedClassSpaceSize: 1.00 GB
Initial GC threshold: 21.00 MB
Current GC threshold: 21.00 MB
CDS: on
MetaspaceReclaimPolicy: balanced
 - commit_granule_bytes: 65536.
 - commit_granule_words: 8192.
 - virtual_space_node_default_size: 1048576.
 - enlarge_chunks_in_place: 1.
 - new_chunks_are_fully_committed: 0.
 - uncommit_free_chunks: 1.
 - use_allocation_guard: 0.
 - handle_deallocations: 1.


Internal statistics:

num_allocs_failed_limit: 0.
num_arena_births: 92.
num_arena_deaths: 0.
num_vsnodes_births: 2.
num_vsnodes_deaths: 0.
num_space_committed: 110.
num_space_uncommitted: 0.
num_chunks_returned_to_freelist: 0.
num_chunks_taken_from_freelist: 186.
num_chunk_merges: 0.
num_chunk_splits: 122.
num_chunks_enlarged: 90.
num_purges: 0.
num_inconsistent_stats: 0.

CodeCache: size=49152Kb used=3136Kb max_used=3136Kb free=46015Kb
 bounds [0x0000000113edf000, 0x00000001141ff000, 0x0000000116edf000]
 total_blobs=1581 nmethods=1141 adapters=370
 compilation: enabled
              stopped_count=0, restarted_count=0
 full_count=0

Compilation events (20 events):
Event: 2.370 Thread 0x00007ff48200b600 1132       1       java.lang.invoke.DirectMethodHandle::preparedLambdaForm (31 bytes)
Event: 2.371 Thread 0x00007ff48200b600 nmethod 1132 0x00000001141e9a10 code [0x00000001141e9be0, 0x00000001141e9e10]
Event: 2.371 Thread 0x00007ff48200b600 1133       1       java.lang.invoke.MethodHandles$Lookup::checkSecurityManager (97 bytes)
Event: 2.372 Thread 0x00007ff48200b600 nmethod 1133 0x00000001141ea190 code [0x00000001141ea4c0, 0x00000001141eb1b0]
Event: 2.372 Thread 0x00007ff48200b600 1134       1       java.util.Properties::getProperty (50 bytes)
Event: 2.372 Thread 0x00007ff48200b600 nmethod 1134 0x00000001141ec290 code [0x00000001141ec440, 0x00000001141ec630]
Event: 2.372 Thread 0x00007ff48200b600 1135       1       java.util.stream.PipelineHelper::<init> (5 bytes)
Event: 2.372 Thread 0x00007ff48200b600 nmethod 1135 0x00000001141ec810 code [0x00000001141ec9a0, 0x00000001141eca50]
Event: 2.373 Thread 0x00007ff48200b600 1136       1       java.util.zip.ZipFile$ZipFileInputStream::initDataOffset (117 bytes)
Event: 2.373 Thread 0x00007ff48200b600 nmethod 1136 0x00000001141ecb10 code [0x00000001141ecce0, 0x00000001141ed080]
Event: 2.374 Thread 0x00007ff48200b600 1137       1       jdk.internal.ref.CleanerImpl$PhantomCleanableRef::performCleanup (10 bytes)
Event: 2.374 Thread 0x00007ff48200b600 nmethod 1137 0x00000001141ed510 code [0x00000001141ed6c0, 0x00000001141ed7a0]
Event: 2.374 Thread 0x00007ff48200b600 1138   !   1       java.util.zip.ZipFile$Source::readAt (39 bytes)
Event: 2.374 Thread 0x00007ff48200b600 nmethod 1138 0x00000001141ed890 code [0x00000001141eda60, 0x00000001141edd40]
Event: 2.377 Thread 0x00007ff48200b600 1139       1       java.util.zip.ZipEntry::<init> (84 bytes)
Event: 2.377 Thread 0x00007ff48200b600 nmethod 1139 0x00000001141ee190 code [0x00000001141ee340, 0x00000001141ee630]
Event: 2.380 Thread 0x00007ff48200b600 1140       1       java.lang.invoke.DirectMethodHandle::maybeCompile (24 bytes)
Event: 2.380 Thread 0x00007ff48200b600 nmethod 1140 0x00000001141ee990 code [0x00000001141eeb40, 0x00000001141eec50]
Event: 2.380 Thread 0x00007ff48200b600 1141       1       java.lang.invoke.MethodHandleNatives::refKindHasReceiver (33 bytes)
Event: 2.380 Thread 0x00007ff48200b600 nmethod 1141 0x00000001141eee10 code [0x00000001141eefa0, 0x00000001141ef050]

GC Heap History (0 events):
No events

Deoptimization events (2 events):
Event: 2.306 Thread 0x00007ff4a380a200 DEOPT PACKING pc=0x00000001140b4001 sp=0x0000000305584070
Event: 2.306 Thread 0x00007ff4a380a200 DEOPT UNPACKING pc=0x0000000113f31810 sp=0x00000003055834e8 mode 3

Classes unloaded (0 events):
No events

Classes redefined (0 events):
No events

Internal exceptions (16 events):
Event: 0.880 Thread 0x00007ff4a20a3e00 Exception <a 'java/lang/NoSuchMethodError'{0x0000000787902f78}: 'java.lang.Object java.lang.invoke.DirectMethodHandle$Holder.invokeStaticInit(java.lang.Object)'> (0x0000000787902f78) 
thrown [open/src/hotspot/share/interpreter/linkResolver.cpp, line 766]
Event: 0.888 Thread 0x00007ff4a20a3e00 Exception <a 'java/lang/NoSuchMethodError'{0x00000007879117e8}: 'void java.lang.invoke.DirectMethodHandle$Holder.invokeStatic(java.lang.Object, java.lang.Object)'> (0x00000007879117e8) 
thrown [open/src/hotspot/share/interpreter/linkResolver.cpp, line 766]
Event: 1.611 Thread 0x00007ff4a380a200 Exception <a 'java/lang/NoSuchMethodError'{0x0000000787acbb40}: 'java.lang.Object java.lang.invoke.DirectMethodHandle$Holder.invokeStaticInit(java.lang.Object, java.lang.Object, java.lang.Object)'> (0x0000000787acbb40) 
thrown [open/src/hotspot/share/interpreter/linkResolver.cpp, line 766]
Event: 1.737 Thread 0x00007ff4a380a200 Exception <a 'java/lang/NoSuchMethodError'{0x0000000787709460}: 'int java.lang.invoke.DirectMethodHandle$Holder.invokeInterface(java.lang.Object, java.lang.Object)'> (0x0000000787709460) 
thrown [open/src/hotspot/share/interpreter/linkResolver.cpp, line 766]
Event: 1.737 Thread 0x00007ff4a380a200 Exception <a 'java/lang/IncompatibleClassChangeError'{0x000000078770ca60}: Found class java.lang.Object, but interface was expected> (0x000000078770ca60) 
thrown [open/src/hotspot/share/interpreter/linkResolver.cpp, line 833]
Event: 1.815 Thread 0x00007ff4a380a200 Exception <a 'java/lang/NoSuchMethodError'{0x00000007877cf590}: 'int java.lang.invoke.DirectMethodHandle$Holder.invokeSpecial(java.lang.Object, java.lang.Object, java.lang.Object)'> (0x00000007877cf590) 
thrown [open/src/hotspot/share/interpreter/linkResolver.cpp, line 766]
Event: 1.874 Thread 0x00007ff4a380a200 Exception <a 'java/lang/NoSuchMethodError'{0x00000007876c5960}: 'void java.lang.invoke.DirectMethodHandle$Holder.invokeStatic(java.lang.Object, java.lang.Object, java.lang.Object)'> (0x00000007876c5960) 
thrown [open/src/hotspot/share/interpreter/linkResolver.cpp, line 766]
Event: 1.886 Thread 0x00007ff4a380a200 Exception <a 'java/lang/NoSuchMethodError'{0x0000000787502238}: 'int java.lang.invoke.DirectMethodHandle$Holder.invokeSpecialIFC(java.lang.Object, java.lang.Object, java.lang.Object)'> (0x0000000787502238) 
thrown [open/src/hotspot/share/interpreter/linkResolver.cpp, line 766]
Event: 2.092 Thread 0x00007ff4a380a200 Exception <a 'java/lang/ClassNotFoundException'{0x0000000787598e00}: javax/management/remote/rmi/RMIServerImpl_Skel> (0x0000000787598e00) 
thrown [open/src/hotspot/share/classfile/systemDictionary.cpp, line 256]
Event: 2.161 Thread 0x00007ff4a380a200 Exception <a 'java/lang/ClassNotFoundException'{0x0000000787340708}: javax/smartcardio/CardPermission> (0x0000000787340708) 
thrown [open/src/hotspot/share/classfile/systemDictionary.cpp, line 256]
Event: 2.168 Thread 0x00007ff4a380a200 Exception <a 'java/io/FileNotFoundException'{0x000000078734e270}> (0x000000078734e270) 
thrown [open/src/hotspot/share/prims/jni.cpp, line 516]
Event: 2.271 Thread 0x00007ff4a380a200 Exception <a 'java/lang/NoSuchMethodError'{0x0000000786f76af8}: 'java.lang.Object java.lang.invoke.DirectMethodHandle$Holder.invokeSpecialIFC(java.lang.Object, java.lang.Object, java.lang.Object, java.lang.Object)'> (0x0000000786f76af8) 
thrown [open/src/hotspot/share/interpreter/linkResolver.cpp, line 766]
Event: 2.285 Thread 0x00007ff4a380a200 Exception <a 'java/lang/NoSuchMethodError'{0x0000000786e122f8}: 'int java.lang.invoke.DirectMethodHandle$Holder.invokeStaticInit(java.lang.Object, java.lang.Object)'> (0x0000000786e122f8) 
thrown [open/src/hotspot/share/interpreter/linkResolver.cpp, line 766]
Event: 2.325 Thread 0x00007ff4a380a200 Exception <a 'java/lang/NoSuchMethodError'{0x0000000786dd5900}: 'int java.lang.invoke.DirectMethodHandle$Holder.invokeStaticInit(java.lang.Object, java.lang.Object, java.lang.Object)'> (0x0000000786dd5900) 
thrown [open/src/hotspot/share/interpreter/linkResolver.cpp, line 766]
Event: 2.330 Thread 0x00007ff4a380a200 Exception <a 'java/lang/NoSuchMethodError'{0x0000000786c2ead0}: 'java.lang.Object java.lang.invoke.DirectMethodHandle$Holder.newInvokeSpecial(java.lang.Object, java.lang.Object, java.lang.Object, java.lang.Object, java.lang.Object)'> (0x0000000786c2ead0) 
thrown [open/src/hotspot/share/interpreter/linkResolver.cpp, line 766]
Event: 2.381 Thread 0x00007ff4a380a200 Exception <a 'sun/nio/fs/UnixException'{0x0000000786bd6b28}> (0x0000000786bd6b28) 
thrown [open/src/hotspot/share/prims/jni.cpp, line 516]

VM Operations (14 events):
Event: 0.798 Executing VM operation: HandshakeAllThreads
Event: 0.798 Executing VM operation: HandshakeAllThreads done
Event: 0.878 Executing VM operation: HandshakeAllThreads
Event: 0.878 Executing VM operation: HandshakeAllThreads done
Event: 0.892 Executing VM operation: HandshakeAllThreads
Event: 0.892 Executing VM operation: HandshakeAllThreads done
Event: 1.901 Executing VM operation: HandshakeAllThreads
Event: 1.902 Executing VM operation: HandshakeAllThreads done
Event: 1.902 Executing VM operation: Cleanup
Event: 1.904 Executing VM operation: Cleanup done
Event: 2.090 Executing VM operation: HandshakeAllThreads
Event: 2.090 Executing VM operation: HandshakeAllThreads done
Event: 2.259 Executing VM operation: HandshakeAllThreads
Event: 2.260 Executing VM operation: HandshakeAllThreads done

Events (20 events):
Event: 2.382 loading class java/nio/file/FileSystemException done
Event: 2.382 loading class java/nio/file/NoSuchFileException done
Event: 2.382 loading class java/util/Hashtable$KeySet
Event: 2.382 loading class java/util/Hashtable$KeySet done
Event: 2.382 loading class javax/naming/spi/NamingManager
Event: 2.382 loading class javax/naming/spi/NamingManager done
Event: 2.382 loading class javax/naming/NoInitialContextException
Event: 2.382 loading class javax/naming/NamingException
Event: 2.382 loading class javax/naming/NamingException done
Event: 2.382 loading class javax/naming/NoInitialContextException done
Event: 2.383 loading class java/lang/ProcessEnvironment
Event: 2.383 loading class java/lang/ProcessEnvironment done
Event: 2.383 loading class java/lang/ProcessEnvironment$Variable
Event: 2.383 loading class java/lang/ProcessEnvironment$ExternalData
Event: 2.383 loading class java/lang/ProcessEnvironment$ExternalData done
Event: 2.383 loading class java/lang/ProcessEnvironment$Variable done
Event: 2.383 loading class java/lang/ProcessEnvironment$Value
Event: 2.383 loading class java/lang/ProcessEnvironment$Value done
Event: 2.383 loading class java/lang/ProcessEnvironment$StringEnvironment
Event: 2.383 loading class java/lang/ProcessEnvironment$StringEnvironment done


Dynamic libraries:
0x0000000108f23000 	/Users/zaxariaskatsarakis/Library/Java/JavaVirtualMachines/openjdk-17.0.1/Contents/Home/lib/libjli.dylib
0x00007ff8218a5000 	/usr/lib/libz.1.dylib
0x00007ff82198b000 	/usr/lib/libSystem.B.dylib
0x00007ff821986000 	/usr/lib/system/libcache.dylib
0x00007ff821942000 	/usr/lib/system/libcommonCrypto.dylib
0x00007ff82196b000 	/usr/lib/system/libcompiler_rt.dylib
0x00007ff821961000 	/usr/lib/system/libcopyfile.dylib
0x00007ff81652d000 	/usr/lib/system/libcorecrypto.dylib
0x00007ff8165eb000 	/usr/lib/system/libdispatch.dylib
0x00007ff8167ab000 	/usr/lib/system/libdyld.dylib
0x00007ff82197d000 	/usr/lib/system/libkeymgr.dylib
0x00007ff821920000 	/usr/lib/system/libmacho.dylib
0x00007ff820f9b000 	/usr/lib/system/libquarantine.dylib
0x00007ff82197b000 	/usr/lib/system/libremovefile.dylib
0x00007ff81b678000 	/usr/lib/system/libsystem_asl.dylib
0x00007ff8164d6000 	/usr/lib/system/libsystem_blocks.dylib
0x00007ff81666f000 	/usr/lib/system/libsystem_c.dylib
0x00007ff821973000 	/usr/lib/system/libsystem_collections.dylib
0x00007ff8202cd000 	/usr/lib/system/libsystem_configuration.dylib
0x00007ff81f579000 	/usr/lib/system/libsystem_containermanager.dylib
0x00007ff821652000 	/usr/lib/system/libsystem_coreservices.dylib
0x00007ff818d1c000 	/usr/lib/system/libsystem_darwin.dylib
0x00007ff82197e000 	/usr/lib/system/libsystem_dnssd.dylib
0x00007ff81666c000 	/usr/lib/system/libsystem_featureflags.dylib
0x00007ff8167c1000 	/usr/lib/system/libsystem_info.dylib
0x00007ff8218b8000 	/usr/lib/system/libsystem_m.dylib
0x00007ff8165bf000 	/usr/lib/system/libsystem_malloc.dylib
0x00007ff81b613000 	/usr/lib/system/libsystem_networkextension.dylib
0x00007ff819142000 	/usr/lib/system/libsystem_notify.dylib
0x00007ff827cb5000 	/usr/lib/system/libsystem_product_info_filter.dylib
0x00007ff8202d1000 	/usr/lib/system/libsystem_sandbox.dylib
0x00007ff821978000 	/usr/lib/system/libsystem_secinit.dylib
0x00007ff816767000 	/usr/lib/system/libsystem_kernel.dylib
0x00007ff8167b7000 	/usr/lib/system/libsystem_platform.dylib
0x00007ff81679f000 	/usr/lib/system/libsystem_pthread.dylib
0x00007ff81cf32000 	/usr/lib/system/libsystem_symptoms.dylib
0x00007ff816514000 	/usr/lib/system/libsystem_trace.dylib
0x00007ff82194e000 	/usr/lib/system/libunwind.dylib
0x00007ff8164d8000 	/usr/lib/system/libxpc.dylib
0x00007ff816751000 	/usr/lib/libc++abi.dylib
0x00007ff816632000 	/usr/lib/libobjc.A.dylib
0x00007ff821959000 	/usr/lib/liboah.dylib
0x00007ff8166f8000 	/usr/lib/libc++.1.dylib
0x00007ff82dab4000 	/System/Library/Frameworks/Cocoa.framework/Versions/A/Cocoa
0x00007ff8191a0000 	/System/Library/Frameworks/AppKit.framework/Versions/C/AppKit
0x00007ff81c711000 	/System/Library/Frameworks/CoreData.framework/Versions/A/CoreData
0x00007ff8175a4000 	/System/Library/Frameworks/Foundation.framework/Versions/C/Foundation
0x00007ff81a02f000 	/System/Library/PrivateFrameworks/UIFoundation.framework/Versions/A/UIFoundation
0x00007ff8279b8000 	/System/Library/PrivateFrameworks/RemoteViewServices.framework/Versions/A/RemoteViewServices
0x00007ff81fc57000 	/System/Library/PrivateFrameworks/XCTTargetBootstrap.framework/Versions/A/XCTTargetBootstrap
0x00007ff823850000 	/System/Library/PrivateFrameworks/InternationalSupport.framework/Versions/A/InternationalSupport
0x00007ff8238da000 	/System/Library/PrivateFrameworks/UserActivity.framework/Versions/A/UserActivity
0x00007ff822c34000 	/usr/lib/libspindump.dylib
0x00007ff81a2bd000 	/System/Library/Frameworks/UniformTypeIdentifiers.framework/Versions/A/UniformTypeIdentifiers
0x00007ff81e37f000 	/usr/lib/libapp_launch_measurement.dylib
0x00007ff81d0f2000 	/System/Library/PrivateFrameworks/CoreAnalytics.framework/Versions/A/CoreAnalytics
0x00007ff81e382000 	/System/Library/PrivateFrameworks/CoreAutoLayout.framework/Versions/A/CoreAutoLayout
0x00007ff81f5b1000 	/System/Library/Frameworks/Metal.framework/Versions/A/Metal
0x00007ff8202dd000 	/usr/lib/liblangid.dylib
0x00007ff81fc5c000 	/System/Library/PrivateFrameworks/CoreSVG.framework/Versions/A/CoreSVG
0x00007ff81b6a8000 	/System/Library/PrivateFrameworks/SkyLight.framework/Versions/A/SkyLight
0x00007ff81ba46000 	/System/Library/Frameworks/CoreGraphics.framework/Versions/A/CoreGraphics
0x00007ff828078000 	/System/Library/Frameworks/Accelerate.framework/Versions/A/Accelerate
0x00007ff8226b3000 	/System/Library/PrivateFrameworks/IconServices.framework/Versions/A/IconServices
0x00007ff81f596000 	/System/Library/Frameworks/IOSurface.framework/Versions/A/IOSurface
0x00007ff81d120000 	/usr/lib/libDiagnosticMessagesClient.dylib
0x00007ff82b758000 	/System/Library/Frameworks/ApplicationServices.framework/Versions/A/ApplicationServices
0x00007ff81fc43000 	/System/Library/PrivateFrameworks/DFRFoundation.framework/Versions/A/DFRFoundation
0x00007ff818a88000 	/usr/lib/libicucore.A.dylib
0x00007ff824645000 	/System/Library/Frameworks/AudioToolbox.framework/Versions/A/AudioToolbox
0x00007ff82385c000 	/System/Library/PrivateFrameworks/DataDetectorsCore.framework/Versions/A/DataDetectorsCore
0x00007ff91f954000 	/System/Library/PrivateFrameworks/TextInput.framework/Versions/A/TextInput
0x00007ff81b62b000 	/usr/lib/libMobileGestalt.dylib
0x00007ff81f94f000 	/System/Library/Frameworks/Carbon.framework/Versions/A/Frameworks/HIToolbox.framework/Versions/A/HIToolbox
0x00007ff81dd85000 	/System/Library/Frameworks/QuartzCore.framework/Versions/A/QuartzCore
0x00007ff81872d000 	/System/Library/Frameworks/Security.framework/Versions/A/Security
0x00007ff8279f0000 	/System/Library/Frameworks/Carbon.framework/Versions/A/Frameworks/SpeechRecognition.framework/Versions/A/SpeechRecognition
0x00007ff81e0df000 	/System/Library/PrivateFrameworks/CoreUI.framework/Versions/A/CoreUI
0x00007ff817ff8000 	/System/Library/Frameworks/CoreAudio.framework/Versions/A/CoreAudio
0x00007ff81d20f000 	/System/Library/Frameworks/DiskArbitration.framework/Versions/A/DiskArbitration
0x00007ff823020000 	/System/Library/PrivateFrameworks/MultitouchSupport.framework/Versions/A/MultitouchSupport
0x00007ff81b62a000 	/usr/lib/libenergytrace.dylib
0x00007ff81908c000 	/System/Library/Frameworks/IOKit.framework/Versions/A/IOKit
0x00007ff827de0000 	/System/Library/Frameworks/CoreServices.framework/Versions/A/CoreServices
0x00007ff81e319000 	/System/Library/PrivateFrameworks/PerformanceAnalysis.framework/Versions/A/PerformanceAnalysis
0x00007ffa2f585000 	/System/Library/Frameworks/OpenGL.framework/Versions/A/OpenGL
0x00007ff820ec1000 	/System/Library/PrivateFrameworks/MobileKeyBag.framework/Versions/A/MobileKeyBag
0x00007ff81c170000 	/System/Library/Frameworks/ColorSync.framework/Versions/A/ColorSync
0x00007ff8167ec000 	/System/Library/Frameworks/CoreFoundation.framework/Versions/A/CoreFoundation
0x00007ff81fed3000 	/System/Library/Frameworks/CoreImage.framework/Versions/A/CoreImage
0x00007ff817e0c000 	/System/Library/Frameworks/CoreText.framework/Versions/A/CoreText
0x00007ff81fc8c000 	/System/Library/Frameworks/ImageIO.framework/Versions/A/ImageIO
0x00007ff821991000 	/System/Library/PrivateFrameworks/SoftLinking.framework/Versions/A/SoftLinking
0x00007ff81e3ca000 	/usr/lib/libxml2.2.dylib
0x00007ff821c12000 	/usr/lib/libcompression.dylib
0x00007ff823783000 	/System/Library/PrivateFrameworks/TextureIO.framework/Versions/A/TextureIO
0x00007ff82232c000 	/usr/lib/libate.dylib
0x00007ff8220ea000 	/usr/lib/liblzma.5.dylib
0x00007ff8172b3000 	/System/Library/Frameworks/SystemConfiguration.framework/Versions/A/SystemConfiguration
0x00007ff82198d000 	/usr/lib/libfakelink.dylib
0x00007ff81b184000 	/System/Library/Frameworks/CFNetwork.framework/Versions/A/CFNetwork
0x00007ff821ace000 	/usr/lib/libarchive.2.dylib
0x00007ff8202d9000 	/System/Library/PrivateFrameworks/AppleSystemInfo.framework/Versions/A/AppleSystemInfo
0x00007ff820fc2000 	/usr/lib/libbsm.0.dylib
0x00007ff81a793000 	/usr/lib/libnetwork.dylib
0x00007ff821926000 	/usr/lib/system/libkxld.dylib
0x00007ff820bf5000 	/System/Library/PrivateFrameworks/IOMobileFramebuffer.framework/Versions/A/IOMobileFramebuffer
0x00007ffb2e949000 	/usr/lib/libCoreEntitlements.dylib
0x00007ff821634000 	/System/Library/PrivateFrameworks/AppleFSCompression.framework/Versions/A/AppleFSCompression
0x00007ff820faa000 	/usr/lib/libcoretls.dylib
0x00007ff822104000 	/usr/lib/libcoretls_cfhelpers.dylib
0x00007ff821c0d000 	/usr/lib/libpam.2.dylib
0x00007ff81cb55000 	/usr/lib/libsqlite3.dylib
0x00007ff822173000 	/usr/lib/libxar.1.dylib
0x00007ff821644000 	/usr/lib/libbz2.1.0.dylib
0x00007ff821992000 	/usr/lib/libpcap.A.dylib
0x00007ff81cf2a000 	/usr/lib/libdns_services.dylib
0x00007ff821be0000 	/usr/lib/libapple_nghttp2.dylib
0x00007ff8219cc000 	/usr/lib/libiconv.2.dylib
0x00007ff82191f000 	/usr/lib/libcharset.1.dylib
0x00007ff81e34d000 	/System/Library/Frameworks/CoreServices.framework/Versions/A/Frameworks/FSEvents.framework/Versions/A/FSEvents
0x00007ff818d26000 	/System/Library/Frameworks/CoreServices.framework/Versions/A/Frameworks/CarbonCore.framework/Versions/A/CarbonCore
0x00007ff81d173000 	/System/Library/Frameworks/CoreServices.framework/Versions/A/Frameworks/Metadata.framework/Versions/A/Metadata
0x00007ff821657000 	/System/Library/Frameworks/CoreServices.framework/Versions/A/Frameworks/OSServices.framework/Versions/A/OSServices
0x00007ff821b55000 	/System/Library/Frameworks/CoreServices.framework/Versions/A/Frameworks/SearchKit.framework/Versions/A/SearchKit
0x00007ff81cebd000 	/System/Library/Frameworks/CoreServices.framework/Versions/A/Frameworks/AE.framework/Versions/A/AE
0x00007ff816ced000 	/System/Library/Frameworks/CoreServices.framework/Versions/A/Frameworks/LaunchServices.framework/Versions/A/LaunchServices
0x00007ff82209b000 	/System/Library/Frameworks/CoreServices.framework/Versions/A/Frameworks/DictionaryServices.framework/Versions/A/DictionaryServices
0x00007ff81e35a000 	/System/Library/Frameworks/CoreServices.framework/Versions/A/Frameworks/SharedFileList.framework/Versions/A/SharedFileList
0x00007ff820f9e000 	/usr/lib/libCheckFix.dylib
0x00007ff81b68f000 	/System/Library/PrivateFrameworks/TCC.framework/Versions/A/TCC
0x00007ff8202df000 	/System/Library/PrivateFrameworks/CoreNLP.framework/Versions/A/CoreNLP
0x00007ff81d123000 	/System/Library/PrivateFrameworks/MetadataUtilities.framework/Versions/A/MetadataUtilities
0x00007ff817367000 	/usr/lib/libmecabra.dylib
0x00007ff820fd2000 	/usr/lib/libmecab.dylib
0x00007ff817332000 	/usr/lib/libCRFSuite.dylib
0x00007ff82102c000 	/usr/lib/libgermantok.dylib
0x00007ff821bbb000 	/usr/lib/libThaiTokenizer.dylib
0x00007ff81d216000 	/System/Library/Frameworks/Accelerate.framework/Versions/A/Frameworks/vImage.framework/Versions/A/vImage
0x00007ff827db7000 	/System/Library/Frameworks/Accelerate.framework/Versions/A/Frameworks/vecLib.framework/Versions/A/vecLib
0x00007ff8221b4000 	/System/Library/Frameworks/Accelerate.framework/Versions/A/Frameworks/vecLib.framework/Versions/A/libvMisc.dylib
0x00007ff8209f4000 	/System/Library/Frameworks/Accelerate.framework/Versions/A/Frameworks/vecLib.framework/Versions/A/libvDSP.dylib
0x00007ff81706b000 	/System/Library/Frameworks/Accelerate.framework/Versions/A/Frameworks/vecLib.framework/Versions/A/libBLAS.dylib
0x00007ff821cf0000 	/System/Library/Frameworks/Accelerate.framework/Versions/A/Frameworks/vecLib.framework/Versions/A/libLAPACK.dylib
0x00007ff82102f000 	/System/Library/Frameworks/Accelerate.framework/Versions/A/Frameworks/vecLib.framework/Versions/A/libLinearAlgebra.dylib
0x00007ff821bf8000 	/System/Library/Frameworks/Accelerate.framework/Versions/A/Frameworks/vecLib.framework/Versions/A/libSparseBLAS.dylib
0x00007ff821cea000 	/System/Library/Frameworks/Accelerate.framework/Versions/A/Frameworks/vecLib.framework/Versions/A/libQuadrature.dylib
0x00007ff8203ca000 	/System/Library/Frameworks/Accelerate.framework/Versions/A/Frameworks/vecLib.framework/Versions/A/libBNNS.dylib
0x00007ff81723d000 	/System/Library/Frameworks/Accelerate.framework/Versions/A/Frameworks/vecLib.framework/Versions/A/libSparse.dylib
0x00007ff8203c3000 	/System/Library/PrivateFrameworks/LinguisticData.framework/Versions/A/LinguisticData
0x00007ff8171f3000 	/System/Library/PrivateFrameworks/Lexicon.framework/Versions/A/Lexicon
0x00007ff8221ad000 	/usr/lib/libChineseTokenizer.dylib
0x00007ff817961000 	/System/Library/PrivateFrameworks/LanguageModeling.framework/Versions/A/LanguageModeling
0x00007ff821bbd000 	/System/Library/PrivateFrameworks/AppleSauce.framework/Versions/A/AppleSauce
0x00007ff820be3000 	/System/Library/PrivateFrameworks/CoreEmoji.framework/Versions/A/CoreEmoji
0x00007ff821abd000 	/usr/lib/libcmph.dylib
0x00007ff81e331000 	/System/Library/Frameworks/OpenDirectory.framework/Versions/A/Frameworks/CFOpenDirectory.framework/Versions/A/CFOpenDirectory
0x00007ff81e325000 	/System/Library/Frameworks/OpenDirectory.framework/Versions/A/OpenDirectory
0x00007ff822106000 	/System/Library/PrivateFrameworks/APFS.framework/Versions/A/APFS
0x00007ff820ef9000 	/System/Library/Frameworks/SecurityFoundation.framework/Versions/A/SecurityFoundation
0x00007ff822181000 	/usr/lib/libutil.dylib
0x00007ff819050000 	/System/Library/PrivateFrameworks/CoreServicesStore.framework/Versions/A/CoreServicesStore
0x00007ff822185000 	/usr/lib/libxslt.1.dylib
0x00007ff820f86000 	/System/Library/PrivateFrameworks/BackgroundTaskManagement.framework/Versions/A/BackgroundTaskManagement
0x00007ff8236a4000 	/System/Library/Frameworks/ImageIO.framework/Versions/A/Resources/libRadiance.dylib
0x00007ff8236ad000 	/System/Library/Frameworks/ImageIO.framework/Versions/A/Resources/libJPEG.dylib
0x00007ff8235ff000 	/System/Library/Frameworks/ImageIO.framework/Versions/A/Resources/libPng.dylib
0x00007ff823620000 	/System/Library/Frameworks/ImageIO.framework/Versions/A/Resources/libTIFF.dylib
0x00007ff82370c000 	/System/Library/Frameworks/ImageIO.framework/Versions/A/Resources/libGIF.dylib
0x00007ff822f3c000 	/System/Library/Frameworks/ImageIO.framework/Versions/A/Resources/libJP2.dylib
0x00007ff82267a000 	/usr/lib/libexpat.1.dylib
0x00007ff822ef1000 	/System/Library/PrivateFrameworks/AppleJPEG.framework/Versions/A/AppleJPEG
0x00007ff81f813000 	/System/Library/PrivateFrameworks/FontServices.framework/libFontParser.dylib
0x00007ff81ce67000 	/System/Library/PrivateFrameworks/RunningBoardServices.framework/Versions/A/RunningBoardServices
0x00007ff82e06f000 	/System/Library/PrivateFrameworks/IOSurfaceAccelerator.framework/Versions/A/IOSurfaceAccelerator
0x00007ff82301c000 	/System/Library/PrivateFrameworks/WatchdogClient.framework/Versions/A/WatchdogClient
0x00007ff817a4f000 	/System/Library/Frameworks/CoreDisplay.framework/Versions/A/CoreDisplay
0x00007ff81f711000 	/System/Library/Frameworks/CoreMedia.framework/Versions/A/CoreMedia
0x00007ff81f5a8000 	/System/Library/PrivateFrameworks/IOAccelerator.framework/Versions/A/IOAccelerator
0x00007ff81e4ae000 	/System/Library/Frameworks/CoreVideo.framework/Versions/A/CoreVideo
0x00007ff821c0b000 	/System/Library/Frameworks/MetalPerformanceShaders.framework/Versions/A/MetalPerformanceShaders
0x00007ff823059000 	/System/Library/Frameworks/VideoToolbox.framework/Versions/A/VideoToolbox
0x00007ff81cdb1000 	/System/Library/PrivateFrameworks/BaseBoard.framework/Versions/A/BaseBoard
0x00007ff81cb3b000 	/System/Library/PrivateFrameworks/ProtocolBuffer.framework/Versions/A/ProtocolBuffer
0x00007ff82369d000 	/System/Library/PrivateFrameworks/GPUWrangler.framework/Versions/A/GPUWrangler
0x00007ff823681000 	/System/Library/PrivateFrameworks/IOPresentment.framework/Versions/A/IOPresentment
0x00007ff8236a7000 	/System/Library/PrivateFrameworks/DSExternalDisplay.framework/Versions/A/DSExternalDisplay
0x00007ffa2f579000 	/System/Library/Frameworks/OpenGL.framework/Versions/A/Libraries/libCoreFSCache.dylib
0x00007ffb1c06d000 	/System/Library/PrivateFrameworks/GPUCompiler.framework/Versions/31001/Libraries/libGPUCompilerUtils.dylib
0x00007ff823711000 	/System/Library/PrivateFrameworks/CMCaptureCore.framework/Versions/A/CMCaptureCore
0x00007ff822c22000 	/System/Library/PrivateFrameworks/AppServerSupport.framework/Versions/A/AppServerSupport
0x00007ff824edd000 	/System/Library/PrivateFrameworks/perfdata.framework/Versions/A/perfdata
0x00007ff817b7b000 	/System/Library/PrivateFrameworks/AudioToolboxCore.framework/Versions/A/AudioToolboxCore
0x00007ff81f6ef000 	/System/Library/PrivateFrameworks/caulk.framework/Versions/A/caulk
0x00007ff8247ef000 	/usr/lib/libAudioStatistics.dylib
0x00007ff91c0f7000 	/System/Library/PrivateFrameworks/SystemPolicy.framework/Versions/A/SystemPolicy
0x00007ff824a4a000 	/usr/lib/libSMC.dylib
0x00007ff82d967000 	/System/Library/Frameworks/CoreMIDI.framework/Versions/A/CoreMIDI
0x00007ff8235ce000 	/usr/lib/libAudioToolboxUtility.dylib
0x00007ff91832c000 	/System/Library/PrivateFrameworks/OSAServicesClient.framework/Versions/A/OSAServicesClient
0x00007ff824eea000 	/usr/lib/libperfcheck.dylib
0x00007ff91cba1000 	/usr/lib/libmis.dylib
0x00007ffa2f5d4000 	/System/Library/Frameworks/OpenGL.framework/Versions/A/Libraries/libGLU.dylib
0x00007ffa2f598000 	/System/Library/Frameworks/OpenGL.framework/Versions/A/Libraries/libGFXShared.dylib
0x00007ffa2f7a1000 	/System/Library/Frameworks/OpenGL.framework/Versions/A/Libraries/libGL.dylib
0x00007ffa2f5a1000 	/System/Library/Frameworks/OpenGL.framework/Versions/A/Libraries/libGLImage.dylib
0x00007ffa2f595000 	/System/Library/Frameworks/OpenGL.framework/Versions/A/Libraries/libCVMSPluginSupport.dylib
0x00007ffa2f580000 	/System/Library/Frameworks/OpenGL.framework/Versions/A/Libraries/libCoreVMClient.dylib
0x00007ff82025b000 	/System/Library/Frameworks/MetalPerformanceShaders.framework/Versions/A/Frameworks/MPSCore.framework/Versions/A/MPSCore
0x00007ff82159f000 	/System/Library/Frameworks/MetalPerformanceShaders.framework/Versions/A/Frameworks/MPSImage.framework/Versions/A/MPSImage
0x00007ff821045000 	/System/Library/Frameworks/MetalPerformanceShaders.framework/Versions/A/Frameworks/MPSNeuralNetwork.framework/Versions/A/MPSNeuralNetwork
0x00007ff8214b9000 	/System/Library/Frameworks/MetalPerformanceShaders.framework/Versions/A/Frameworks/MPSMatrix.framework/Versions/A/MPSMatrix
0x00007ff821274000 	/System/Library/Frameworks/MetalPerformanceShaders.framework/Versions/A/Frameworks/MPSRayIntersector.framework/Versions/A/MPSRayIntersector
0x00007ff8214f1000 	/System/Library/Frameworks/MetalPerformanceShaders.framework/Versions/A/Frameworks/MPSNDArray.framework/Versions/A/MPSNDArray
0x00007ffa3479b000 	/System/Library/Frameworks/MetalPerformanceShaders.framework/Versions/A/Frameworks/MPSFunctions.framework/Versions/A/MPSFunctions
0x00007ff816f44000 	/System/Library/PrivateFrameworks/MetalTools.framework/Versions/A/MetalTools
0x00007ff8202d7000 	/System/Library/PrivateFrameworks/AggregateDictionary.framework/Versions/A/AggregateDictionary
0x00007ff82245c000 	/usr/lib/libIOReport.dylib
0x00007ffa30bb0000 	/System/Library/Frameworks/OpenCL.framework/Versions/A/OpenCL
0x00007ff8227c0000 	/System/Library/PrivateFrameworks/FaceCore.framework/Versions/A/FaceCore
0x00007ff8227b1000 	/System/Library/PrivateFrameworks/GraphVisualizer.framework/Versions/A/GraphVisualizer
0x00007ffb1bf78000 	/System/Library/PrivateFrameworks/FontServices.framework/Versions/A/FontServices
0x00007ff822bda000 	/System/Library/PrivateFrameworks/OTSVG.framework/Versions/A/OTSVG
0x00007ff81e095000 	/System/Library/Frameworks/ApplicationServices.framework/Versions/A/Frameworks/ATS.framework/Versions/A/Resources/libFontRegistry.dylib
0x00007ff822c2a000 	/System/Library/PrivateFrameworks/FontServices.framework/libhvf.dylib
0x00007ffb1bf79000 	/System/Library/PrivateFrameworks/FontServices.framework/libXTFontStaticRegistryData.dylib
0x00007ff82262a000 	/System/Library/PrivateFrameworks/AppleVA.framework/Versions/A/AppleVA
0x00007ff82480f000 	/System/Library/Frameworks/ApplicationServices.framework/Versions/A/Frameworks/ATS.framework/Versions/A/ATS
0x00007ff81c26e000 	/System/Library/Frameworks/ApplicationServices.framework/Versions/A/Frameworks/HIServices.framework/Versions/A/HIServices
0x00007ff82371b000 	/System/Library/Frameworks/ApplicationServices.framework/Versions/A/Frameworks/PrintCore.framework/Versions/A/PrintCore
0x00007ff824b9d000 	/System/Library/Frameworks/ApplicationServices.framework/Versions/A/Frameworks/QD.framework/Versions/A/QD
0x00007ff824b95000 	/System/Library/Frameworks/ApplicationServices.framework/Versions/A/Frameworks/ColorSyncLegacy.framework/Versions/A/ColorSyncLegacy
0x00007ff8247ff000 	/System/Library/Frameworks/ApplicationServices.framework/Versions/A/Frameworks/SpeechSynthesis.framework/Versions/A/SpeechSynthesis
0x00007ff8236dc000 	/System/Library/Frameworks/ApplicationServices.framework/Versions/A/Frameworks/ATSUI.framework/Versions/A/ATSUI
0x00007ff824b2a000 	/usr/lib/libcups.2.dylib
0x00007ff824ef9000 	/System/Library/Frameworks/Kerberos.framework/Versions/A/Kerberos
0x00007ff824f08000 	/System/Library/Frameworks/GSS.framework/Versions/A/GSS
0x00007ff82487b000 	/usr/lib/libresolv.9.dylib
0x00007ff822c39000 	/System/Library/PrivateFrameworks/Heimdal.framework/Versions/A/Heimdal
0x00007ff82baea000 	/System/Library/Frameworks/Kerberos.framework/Versions/A/Libraries/libHeimdalProxy.dylib
0x00007ff81cf3a000 	/System/Library/Frameworks/Network.framework/Versions/A/Network
0x00007ff822694000 	/usr/lib/libheimdal-asn1.dylib
0x00007ff824f53000 	/System/Library/PrivateFrameworks/CommonAuth.framework/Versions/A/CommonAuth
0x00007ff824781000 	/System/Library/PrivateFrameworks/AudioSession.framework/Versions/A/AudioSession
0x00007ff822724000 	/System/Library/PrivateFrameworks/MediaExperience.framework/Versions/A/MediaExperience
0x00007ff824614000 	/System/Library/PrivateFrameworks/AudioSession.framework/libSessionUtility.dylib
0x00007ff824ba9000 	/System/Library/PrivateFrameworks/AudioResourceArbitration.framework/Versions/A/AudioResourceArbitration
0x00007ff828c2a000 	/System/Library/PrivateFrameworks/PowerLog.framework/Versions/A/PowerLog
0x00007ff82269d000 	/System/Library/PrivateFrameworks/IconFoundation.framework/Versions/A/IconFoundation
0x00007ff8279e0000 	/System/Library/PrivateFrameworks/SpeechRecognitionCore.framework/Versions/A/SpeechRecognitionCore
0x0000000109fa7000 	/Users/zaxariaskatsarakis/Library/Java/JavaVirtualMachines/openjdk-17.0.1/Contents/Home/lib/server/libjvm.dylib
0x0000000108fb3000 	/Users/zaxariaskatsarakis/Library/Java/JavaVirtualMachines/openjdk-17.0.1/Contents/Home/lib/libjimage.dylib
0x0000000108fe5000 	/Users/zaxariaskatsarakis/Library/Java/JavaVirtualMachines/openjdk-17.0.1/Contents/Home/lib/libinstrument.dylib
0x000000010903b000 	/Users/zaxariaskatsarakis/Library/Java/JavaVirtualMachines/openjdk-17.0.1/Contents/Home/lib/libjava.dylib
0x0000000109136000 	/private/var/folders/st/cx87237907qb5l34x1gqtgjc0000gn/T/libasyncProfiler.so
0x0000000109dcd000 	/Users/zaxariaskatsarakis/Library/Java/JavaVirtualMachines/openjdk-17.0.1/Contents/Home/lib/libzip.dylib
0x0000000109e0c000 	/Users/zaxariaskatsarakis/Library/Java/JavaVirtualMachines/openjdk-17.0.1/Contents/Home/lib/libnio.dylib
0x0000000109e63000 	/Users/zaxariaskatsarakis/Library/Java/JavaVirtualMachines/openjdk-17.0.1/Contents/Home/lib/libnet.dylib
0x0000000109ecd000 	/Users/zaxariaskatsarakis/Library/Java/JavaVirtualMachines/openjdk-17.0.1/Contents/Home/lib/libextnet.dylib
0x000000010b0ae000 	/Users/zaxariaskatsarakis/Library/Java/JavaVirtualMachines/openjdk-17.0.1/Contents/Home/lib/libmanagement.dylib
0x000000010b0d7000 	/Users/zaxariaskatsarakis/Library/Java/JavaVirtualMachines/openjdk-17.0.1/Contents/Home/lib/libmanagement_ext.dylib


VM Arguments:
jvm_args: -XX:TieredStopAtLevel=1 -Xverify:none -Dspring.output.ansi.enabled=always -javaagent:/Applications/IntelliJ IDEA.app/Contents/lib/idea_rt.jar=56185:/Applications/IntelliJ IDEA.app/Contents/bin -Dcom.sun.management.jmxremote -Dspring.jmx.enabled=true -Dspring.liveBeansView.mbeanDomain -Dspring.application.admin.enabled=true -agentpath:/private/var/folders/st/cx87237907qb5l34x1gqtgjc0000gn/T/libasyncProfiler.so=start,jfr,event=cpu,interval=1ms,event=alloc,file=/Users/zaxariaskatsarakis/Demo1Application_2022_06_24_103244.jfr -Dfile.encoding=UTF-8 
java_command: com.example.demo.Demo1Application
java_class_path (initial): /Users/zaxariaskatsarakis/Desktop/demo1/target/classes:/Users/zaxariaskatsarakis/.m2/repository/org/springframework/boot/spring-boot-starter-data-jpa/2.7.1/spring-boot-starter-data-jpa-2.7.1.jar:/Users/zaxariaskatsarakis/.m2/repository/org/springframework/boot/spring-boot-starter-aop/2.7.1/spring-boot-starter-aop-2.7.1.jar:/Users/zaxariaskatsarakis/.m2/repository/org/springframework/spring-aop/5.3.21/spring-aop-5.3.21.jar:/Users/zaxariaskatsarakis/.m2/repository/org/aspectj/aspectjweaver/1.9.7/aspectjweaver-1.9.7.jar:/Users/zaxariaskatsarakis/.m2/repository/org/springframework/boot/spring-boot-starter-jdbc/2.7.1/spring-boot-starter-jdbc-2.7.1.jar:/Users/zaxariaskatsarakis/.m2/repository/com/zaxxer/HikariCP/4.0.3/HikariCP-4.0.3.jar:/Users/zaxariaskatsarakis/.m2/repository/org/springframework/spring-jdbc/5.3.21/spring-jdbc-5.3.21.jar:/Users/zaxariaskatsarakis/.m2/repository/jakarta/transaction/jakarta.transaction-api/1.3.3/jakarta.transaction-api-1.3.3.jar:/Users/zaxariaskatsarakis/.m2/repository/jakarta/persistence/jakarta.persistence-api/2.2.3/jakarta.persistence-api-2.2.3.jar:/Users/zaxariaskatsarakis/.m2/repository/org/hibernate/hibernate-core/5.6.9.Final/hibernate-core-5.6.9.Final.jar:/Users/zaxariaskatsarakis/.m2/repository/org/jboss/logging/jboss-logging/3.4.3.Final/jboss-logging-3.4.3.Final.jar:/Users/zaxariaskatsarakis/.m2/repository/net/bytebuddy/byte-buddy/1.12.11/byte-buddy-1.12.11.jar:/Users/zaxariaskatsarakis/.m2/repository/antlr/antlr/2.7.7/antlr-2.7.7.jar:/Users/zaxariaskatsarakis/.m2/repository/org/jboss/jandex/2.4.2.Final/jandex-2.4.2.Final.jar:/Users/zaxariaskatsarakis/.m2/repository/com/fasterxml/classmate/1.5.1/classmate-1.5.1.jar:/Users/zaxariaskatsarakis/.m2/repository/org/hibernate/common/hibernate-commons-annotations/5.1.2.Final/hibernate-commons-annotations-5.1.2.Final.jar:/Users/zaxariaskatsarakis/.m2/repository/org/glassfish/jaxb/jaxb-runtime/2.3.6/jaxb-runtime-2.3.6.jar:/Users/zaxariaskatsarakis/.m2/repository/
Launcher Type: SUN_STANDARD

[Global flags]
     intx CICompilerCount                          = 4                                         {product} {ergonomic}
     uint ConcGCThreads                            = 2                                         {product} {ergonomic}
     uint G1ConcRefinementThreads                  = 8                                         {product} {ergonomic}
   size_t G1HeapRegionSize                         = 1048576                                   {product} {ergonomic}
    uintx GCDrainStackTargetSize                   = 64                                        {product} {ergonomic}
   size_t InitialHeapSize                          = 134217728                                 {product} {ergonomic}
     bool ManagementServer                         = true                                      {product} {command line}
   size_t MarkStackSize                            = 4194304                                   {product} {ergonomic}
   size_t MaxHeapSize                              = 2147483648                                {product} {ergonomic}
   size_t MaxNewSize                               = 1287651328                                {product} {ergonomic}
   size_t MinHeapDeltaBytes                        = 1048576                                   {product} {ergonomic}
   size_t MinHeapSize                              = 8388608                                   {product} {ergonomic}
    uintx NonProfiledCodeHeapSize                  = 0                                      {pd product} {ergonomic}
     bool ProfileInterpreter                       = false                                  {pd product} {command line}
    uintx ProfiledCodeHeapSize                     = 0                                      {pd product} {ergonomic}
   size_t SoftMaxHeapSize                          = 2147483648                             {manageable} {ergonomic}
     intx TieredStopAtLevel                        = 1                                         {product} {command line}
     bool UseCompressedClassPointers               = true                           {product lp64_product} {ergonomic}
     bool UseCompressedOops                        = true                           {product lp64_product} {ergonomic}
     bool UseG1GC                                  = true                                      {product} {ergonomic}
     bool UseNUMA                                  = false                                     {product} {ergonomic}
     bool UseNUMAInterleaving                      = false                                     {product} {ergonomic}

Logging:
Log output configuration:
 #0: stdout all=warning,jni+resolve=error uptime,level,tags (reconfigured)
 #1: stderr all=off uptime,level,tags

Environment Variables:
PATH=/opt/homebrew/opt/openjdk/bin:/opt/homebrew/bin:/opt/homebrew/sbin:/usr/local/bin:/usr/bin:/bin:/usr/sbin:/sbin:/usr/local/go/bin:/Applications/Wireshark.app/Contents/MacOS
SHELL=/bin/zsh
LC_CTYPE=en_US.UTF-8

Signal Handlers:
   SIGSEGV: _ZL13crash_handleriP9__siginfoPv in libjvm.dylib, mask=11100110100111111111111111111111, flags=SA_RESTART|SA_SIGINFO
    SIGBUS: _ZL13crash_handleriP9__siginfoPv in libjvm.dylib, mask=11100110100111111111111111111111, flags=SA_RESTART|SA_SIGINFO
    SIGFPE: _ZL13crash_handleriP9__siginfoPv in libjvm.dylib, mask=11100110100111111111111111111111, flags=SA_RESTART|SA_SIGINFO
   SIGPIPE: _ZL17javaSignalHandleriP9__siginfoPv in libjvm.dylib, mask=11100110100111111111111111111111, flags=SA_RESTART|SA_SIGINFO
   SIGXFSZ: _ZL17javaSignalHandleriP9__siginfoPv in libjvm.dylib, mask=11100110100111111111111111111111, flags=SA_RESTART|SA_SIGINFO
    SIGILL: _ZL13crash_handleriP9__siginfoPv in libjvm.dylib, mask=11100110100111111111111111111111, flags=SA_RESTART|SA_SIGINFO
   SIGUSR2: _ZL10SR_handleriP9__siginfoP17__darwin_ucontext in libjvm.dylib, mask=00100000000000000000000000000000, flags=SA_RESTART|SA_SIGINFO
    SIGHUP: _ZL11UserHandleriPvS_ in libjvm.dylib, mask=11100110100111111111111111111111, flags=SA_RESTART|SA_SIGINFO
    SIGINT: _ZL11UserHandleriPvS_ in libjvm.dylib, mask=11100110100111111111111111111111, flags=SA_RESTART|SA_SIGINFO
   SIGTERM: _ZL11UserHandleriPvS_ in libjvm.dylib, mask=11100110100111111111111111111111, flags=SA_RESTART|SA_SIGINFO
   SIGQUIT: _ZL11UserHandleriPvS_ in libjvm.dylib, mask=11100110100111111111111111111111, flags=SA_RESTART|SA_SIGINFO
   SIGTRAP: _ZL13crash_handleriP9__siginfoPv in libjvm.dylib, mask=11100110100111111111111111111111, flags=SA_RESTART|SA_SIGINFO


---------------  S Y S T E M  ---------------

OS:
uname: Darwin 21.5.0 Darwin Kernel Version 21.5.0: Tue Apr 26 21:08:29 PDT 2022; root:xnu-8020.121.3~4/RELEASE_ARM64_T8101 x86_64
OS uptime: 13 days 20:50 hours
rlimit (soft/hard): STACK 8176k/65520k , CORE 0k/infinity , NPROC 1333/2000 , NOFILE 10240/infinity , AS infinity/infinity , CPU infinity/infinity , DATA infinity/infinity , FSIZE infinity/infinity , MEMLOCK infinity/infinity , RSS infinity/infinity
load average: 2.53 2.90 2.55

CPU: (EMULATED) total 8 (initial active 8) (1 cores per cpu, 1 threads per core) family 6 model 44 stepping 0 microcode 0x0, cx8, cmov, fxsr, mmx, sse, sse2, sse3, ssse3, sse4.1, sse4.2, popcnt, tsc, tscinvbit, aes, clmul, clflush

Memory: 4k page, physical 8388608k(28116k free), swap 3145728k(1206528k free)

vm_info: OpenJDK 64-Bit Server VM (17.0.1+12-39) for bsd-amd64 JRE (17.0.1+12-39), built on Sep 27 2021 17:37:19 by "mach5one" with clang Apple LLVM 12.0.0 (clang-1200.0.32.29)

END.
